e:\usr\lmf\fit3dcspline_combine\source\source\gpumlefit_lm\x64\release\vc142.pdb
e:\usr\lmf\fit3dcspline_combine\source\source\gpumlefit_lm\x64\release\mexfunction.obj
x64\release\gpumlefit_lm_emccd.cu.obj
x64\release\gpumlefit_lm_scmos.cu.obj
x64\release\wrapper.cu.obj
e:\usr\lmf\fit3dcspline_combine\source\source\x64\release\gpumlefit_lm_multid.lib
e:\usr\lmf\fit3dcspline_combine\source\source\x64\release\gpumlefit_lm_multid.exp
e:\usr\lmf\fit3dcspline_combine\source\source\x64\release\gpumlefit_lm_multid.ipdb
e:\usr\lmf\fit3dcspline_combine\source\source\x64\release\gpumlefit_lm_multid.iobj
e:\usr\lmf\fit3dcspline_combine\source\source\x64\release\gpumlefit_lm_multid.mexw64
e:\usr\lmf\fit3dcspline_combine\source\source\x64\release\gpumlefit_lm_multid.pdb
e:\usr\lmf\fit3dcspline_combine\source\source\gpumlefit_lm\x64\release\gpumlefit_lm_emccd.cu.cache
e:\usr\lmf\fit3dcspline_combine\source\source\gpumlefit_lm\x64\release\gpumlefit_lm_scmos.cu.cache
e:\usr\lmf\fit3dcspline_combine\source\source\gpumlefit_lm\x64\release\wrapper.cu.cache
e:\usr\lmf\fit3dcspline_combine\source\source\gpumlefit_lm\x64\release\gpumlefit_lm_emccd.cu.obj
e:\usr\lmf\fit3dcspline_combine\source\source\gpumlefit_lm\x64\release\gpumlefit_lm_scmos.cu.obj
e:\usr\lmf\fit3dcspline_combine\source\source\gpumlefit_lm\x64\release\wrapper.cu.obj
e:\usr\lmf\fit3dcspline_combine\source\source\gpumlefit_lm\x64\release\gpumlefi.4b630f09.tlog\cl.command.1.tlog
e:\usr\lmf\fit3dcspline_combine\source\source\gpumlefit_lm\x64\release\gpumlefi.4b630f09.tlog\cl.read.1.tlog
e:\usr\lmf\fit3dcspline_combine\source\source\gpumlefit_lm\x64\release\gpumlefi.4b630f09.tlog\cl.write.1.tlog
e:\usr\lmf\fit3dcspline_combine\source\source\gpumlefit_lm\x64\release\gpumlefi.4b630f09.tlog\cudacompile.read.1u.tlog
e:\usr\lmf\fit3dcspline_combine\source\source\gpumlefit_lm\x64\release\gpumlefi.4b630f09.tlog\cudacompile.write.1u.tlog
e:\usr\lmf\fit3dcspline_combine\source\source\gpumlefit_lm\x64\release\gpumlefi.4b630f09.tlog\gpumlefit_lm_multid.write.1u.tlog
e:\usr\lmf\fit3dcspline_combine\source\source\gpumlefit_lm\x64\release\gpumlefi.4b630f09.tlog\link.command.1.tlog
e:\usr\lmf\fit3dcspline_combine\source\source\gpumlefit_lm\x64\release\gpumlefi.4b630f09.tlog\link.read.1.tlog
e:\usr\lmf\fit3dcspline_combine\source\source\gpumlefit_lm\x64\release\gpumlefi.4b630f09.tlog\link.write.1.tlog
