D:\admin\program\install_here\VS19\IDE\MSBuild\Microsoft\VC\v160\Microsoft.CppBuild.targets(411,5): warning MSB8028: 中间目录(x64\Release\)包含从另一个项目(CPUmleFit_LM.vcxproj)共享的文件。   这会导致错误的清除和重新生成行为。
  CPUgaussLib.cpp
E:\usr\LMF\fit3Dcspline_combine\source\CPUmleFit_LM\CPUgaussLib.cpp(21): warning C4305: “初始化”: 从“double”到“float”截断
E:\usr\LMF\fit3Dcspline_combine\source\CPUmleFit_LM\CPUgaussLib.cpp(22): warning C4305: “初始化”: 从“double”到“float”截断
E:\usr\LMF\fit3Dcspline_combine\source\CPUmleFit_LM\CPUgaussLib.cpp(23): warning C4305: “初始化”: 从“double”到“float”截断
E:\usr\LMF\fit3Dcspline_combine\source\CPUmleFit_LM\CPUgaussLib.cpp(24): warning C4305: “初始化”: 从“double”到“float”截断
E:\usr\LMF\fit3Dcspline_combine\source\CPUmleFit_LM\CPUgaussLib.cpp(25): warning C4305: “初始化”: 从“double”到“float”截断
E:\usr\LMF\fit3Dcspline_combine\source\CPUmleFit_LM\CPUgaussLib.cpp(26): warning C4305: “初始化”: 从“double”到“float”截断
E:\usr\LMF\fit3Dcspline_combine\source\CPUmleFit_LM\CPUgaussLib.cpp(33): warning C4244: “=”: 从“double”转换到“float”，可能丢失数据
E:\usr\LMF\fit3Dcspline_combine\source\CPUmleFit_LM\CPUgaussLib.cpp(36): warning C4244: “=”: 从“double”转换到“float”，可能丢失数据
E:\usr\LMF\fit3Dcspline_combine\source\CPUmleFit_LM\CPUgaussLib.cpp(37): warning C4244: “=”: 从“double”转换到“float”，可能丢失数据
E:\usr\LMF\fit3Dcspline_combine\source\CPUmleFit_LM\CPUgaussLib.cpp(54): warning C4244: “return”: 从“double”转换到“float”，可能丢失数据
E:\usr\LMF\fit3Dcspline_combine\source\CPUmleFit_LM\CPUgaussLib.cpp(68): warning C4244: “return”: 从“double”转换到“float”，可能丢失数据
E:\usr\LMF\fit3Dcspline_combine\source\CPUmleFit_LM\CPUgaussLib.cpp(81): warning C4244: “return”: 从“double”转换到“float”，可能丢失数据
E:\usr\LMF\fit3Dcspline_combine\source\CPUmleFit_LM\CPUgaussLib.cpp(94): warning C4244: “return”: 从“double”转换到“float”，可能丢失数据
E:\usr\LMF\fit3Dcspline_combine\source\CPUmleFit_LM\CPUgaussLib.cpp(111): warning C4244: “=”: 从“double”转换到“float”，可能丢失数据
E:\usr\LMF\fit3Dcspline_combine\source\CPUmleFit_LM\CPUgaussLib.cpp(112): warning C4244: “=”: 从“double”转换到“float”，可能丢失数据
E:\usr\LMF\fit3Dcspline_combine\source\CPUmleFit_LM\CPUgaussLib.cpp(114): warning C4244: “=”: 从“double”转换到“float”，可能丢失数据
E:\usr\LMF\fit3Dcspline_combine\source\CPUmleFit_LM\CPUgaussLib.cpp(117): warning C4244: “=”: 从“double”转换到“float”，可能丢失数据
E:\usr\LMF\fit3Dcspline_combine\source\CPUmleFit_LM\CPUgaussLib.cpp(136): warning C4244: “=”: 从“double”转换到“float”，可能丢失数据
E:\usr\LMF\fit3Dcspline_combine\source\CPUmleFit_LM\CPUgaussLib.cpp(137): warning C4244: “=”: 从“double”转换到“float”，可能丢失数据
E:\usr\LMF\fit3Dcspline_combine\source\CPUmleFit_LM\CPUgaussLib.cpp(138): warning C4244: “=”: 从“double”转换到“float”，可能丢失数据
E:\usr\LMF\fit3Dcspline_combine\source\CPUmleFit_LM\CPUgaussLib.cpp(141): warning C4244: “=”: 从“double”转换到“float”，可能丢失数据
E:\usr\LMF\fit3Dcspline_combine\source\CPUmleFit_LM\CPUgaussLib.cpp(204): warning C4101: “jj”: 未引用的局部变量
E:\usr\LMF\fit3Dcspline_combine\source\CPUmleFit_LM\CPUgaussLib.cpp(204): warning C4101: “ii”: 未引用的局部变量
E:\usr\LMF\fit3Dcspline_combine\source\CPUmleFit_LM\CPUgaussLib.cpp(288): warning C4244: “=”: 从“double”转换到“float”，可能丢失数据
E:\usr\LMF\fit3Dcspline_combine\source\CPUmleFit_LM\CPUgaussLib.cpp(289): warning C4244: “=”: 从“double”转换到“float”，可能丢失数据
E:\usr\LMF\fit3Dcspline_combine\source\CPUmleFit_LM\CPUgaussLib.cpp(301): warning C4244: “=”: 从“double”转换到“float”，可能丢失数据
E:\usr\LMF\fit3Dcspline_combine\source\CPUmleFit_LM\CPUgaussLib.cpp(302): warning C4244: “=”: 从“double”转换到“float”，可能丢失数据
E:\usr\LMF\fit3Dcspline_combine\source\CPUmleFit_LM\CPUgaussLib.cpp(316): warning C4244: “=”: 从“double”转换到“float”，可能丢失数据
E:\usr\LMF\fit3Dcspline_combine\source\CPUmleFit_LM\CPUgaussLib.cpp(317): warning C4244: “=”: 从“double”转换到“float”，可能丢失数据
E:\usr\LMF\fit3Dcspline_combine\source\CPUmleFit_LM\CPUgaussLib.cpp(319): warning C4244: “=”: 从“double”转换到“float”，可能丢失数据
E:\usr\LMF\fit3Dcspline_combine\source\CPUmleFit_LM\CPUgaussLib.cpp(320): warning C4244: “=”: 从“double”转换到“float”，可能丢失数据
  CPUmleFit_LM.cpp
E:\usr\LMF\fit3Dcspline_combine\source\CPUmleFit_LM\CPUmleFit_LM.cpp(65): warning C4305: “初始化”: 从“double”到“float”截断
E:\usr\LMF\fit3Dcspline_combine\source\CPUmleFit_LM\CPUmleFit_LM.cpp(69): warning C4305: “初始化”: 从“double”到“float”截断
E:\usr\LMF\fit3Dcspline_combine\source\CPUmleFit_LM\CPUmleFit_LM.cpp(92): warning C4244: “=”: 从“double”转换到“float”，可能丢失数据
E:\usr\LMF\fit3Dcspline_combine\source\CPUmleFit_LM\CPUmleFit_LM.cpp(93): warning C4244: “=”: 从“double”转换到“float”，可能丢失数据
E:\usr\LMF\fit3Dcspline_combine\source\CPUmleFit_LM\CPUmleFit_LM.cpp(110): warning C4244: “=”: 从“double”转换到“float”，可能丢失数据
E:\usr\LMF\fit3Dcspline_combine\source\CPUmleFit_LM\CPUmleFit_LM.cpp(122): warning C4244: “=”: 从“double”转换到“float”，可能丢失数据
E:\usr\LMF\fit3Dcspline_combine\source\CPUmleFit_LM\CPUmleFit_LM.cpp(174): warning C4244: “=”: 从“double”转换到“float”，可能丢失数据
E:\usr\LMF\fit3Dcspline_combine\source\CPUmleFit_LM\CPUmleFit_LM.cpp(176): warning C4244: “=”: 从“double”转换到“float”，可能丢失数据
E:\usr\LMF\fit3Dcspline_combine\source\CPUmleFit_LM\CPUmleFit_LM.cpp(180): warning C4244: “=”: 从“double”转换到“float”，可能丢失数据
E:\usr\LMF\fit3Dcspline_combine\source\CPUmleFit_LM\CPUmleFit_LM.cpp(181): warning C4244: “=”: 从“double”转换到“float”，可能丢失数据
E:\usr\LMF\fit3Dcspline_combine\source\CPUmleFit_LM\CPUmleFit_LM.cpp(182): warning C4244: “=”: 从“double”转换到“float”，可能丢失数据
E:\usr\LMF\fit3Dcspline_combine\source\CPUmleFit_LM\CPUmleFit_LM.cpp(183): warning C4244: “=”: 从“double”转换到“float”，可能丢失数据
E:\usr\LMF\fit3Dcspline_combine\source\CPUmleFit_LM\CPUmleFit_LM.cpp(184): warning C4244: “=”: 从“double”转换到“float”，可能丢失数据
E:\usr\LMF\fit3Dcspline_combine\source\CPUmleFit_LM\CPUmleFit_LM.cpp(185): warning C4244: “=”: 从“double”转换到“float”，可能丢失数据
E:\usr\LMF\fit3Dcspline_combine\source\CPUmleFit_LM\CPUmleFit_LM.cpp(198): warning C4244: “=”: 从“double”转换到“float”，可能丢失数据
E:\usr\LMF\fit3Dcspline_combine\source\CPUmleFit_LM\CPUmleFit_LM.cpp(210): warning C4244: “=”: 从“double”转换到“float”，可能丢失数据
E:\usr\LMF\fit3Dcspline_combine\source\CPUmleFit_LM\CPUmleFit_LM.cpp(225): warning C4244: “=”: 从“int”转换到“float”，可能丢失数据
E:\usr\LMF\fit3Dcspline_combine\source\CPUmleFit_LM\CPUmleFit_LM.cpp(240): warning C4244: “+=”: 从“double”转换到“float”，可能丢失数据
E:\usr\LMF\fit3Dcspline_combine\source\CPUmleFit_LM\CPUmleFit_LM.cpp(284): warning C4305: “初始化”: 从“double”到“float”截断
E:\usr\LMF\fit3Dcspline_combine\source\CPUmleFit_LM\CPUmleFit_LM.cpp(288): warning C4305: “初始化”: 从“double”到“float”截断
E:\usr\LMF\fit3Dcspline_combine\source\CPUmleFit_LM\CPUmleFit_LM.cpp(311): warning C4244: “=”: 从“double”转换到“float”，可能丢失数据
E:\usr\LMF\fit3Dcspline_combine\source\CPUmleFit_LM\CPUmleFit_LM.cpp(312): warning C4244: “=”: 从“double”转换到“float”，可能丢失数据
E:\usr\LMF\fit3Dcspline_combine\source\CPUmleFit_LM\CPUmleFit_LM.cpp(331): warning C4244: “=”: 从“double”转换到“float”，可能丢失数据
E:\usr\LMF\fit3Dcspline_combine\source\CPUmleFit_LM\CPUmleFit_LM.cpp(343): warning C4244: “=”: 从“double”转换到“float”，可能丢失数据
E:\usr\LMF\fit3Dcspline_combine\source\CPUmleFit_LM\CPUmleFit_LM.cpp(394): warning C4244: “=”: 从“double”转换到“float”，可能丢失数据
E:\usr\LMF\fit3Dcspline_combine\source\CPUmleFit_LM\CPUmleFit_LM.cpp(396): warning C4244: “=”: 从“double”转换到“float”，可能丢失数据
E:\usr\LMF\fit3Dcspline_combine\source\CPUmleFit_LM\CPUmleFit_LM.cpp(400): warning C4244: “=”: 从“double”转换到“float”，可能丢失数据
E:\usr\LMF\fit3Dcspline_combine\source\CPUmleFit_LM\CPUmleFit_LM.cpp(401): warning C4244: “=”: 从“double”转换到“float”，可能丢失数据
E:\usr\LMF\fit3Dcspline_combine\source\CPUmleFit_LM\CPUmleFit_LM.cpp(402): warning C4244: “=”: 从“double”转换到“float”，可能丢失数据
E:\usr\LMF\fit3Dcspline_combine\source\CPUmleFit_LM\CPUmleFit_LM.cpp(403): warning C4244: “=”: 从“double”转换到“float”，可能丢失数据
E:\usr\LMF\fit3Dcspline_combine\source\CPUmleFit_LM\CPUmleFit_LM.cpp(404): warning C4244: “=”: 从“double”转换到“float”，可能丢失数据
E:\usr\LMF\fit3Dcspline_combine\source\CPUmleFit_LM\CPUmleFit_LM.cpp(405): warning C4244: “=”: 从“double”转换到“float”，可能丢失数据
E:\usr\LMF\fit3Dcspline_combine\source\CPUmleFit_LM\CPUmleFit_LM.cpp(406): warning C4244: “=”: 从“double”转换到“float”，可能丢失数据
E:\usr\LMF\fit3Dcspline_combine\source\CPUmleFit_LM\CPUmleFit_LM.cpp(419): warning C4244: “=”: 从“double”转换到“float”，可能丢失数据
E:\usr\LMF\fit3Dcspline_combine\source\CPUmleFit_LM\CPUmleFit_LM.cpp(431): warning C4244: “=”: 从“double”转换到“float”，可能丢失数据
E:\usr\LMF\fit3Dcspline_combine\source\CPUmleFit_LM\CPUmleFit_LM.cpp(446): warning C4244: “=”: 从“int”转换到“float”，可能丢失数据
E:\usr\LMF\fit3Dcspline_combine\source\CPUmleFit_LM\CPUmleFit_LM.cpp(462): warning C4244: “+=”: 从“double”转换到“float”，可能丢失数据
E:\usr\LMF\fit3Dcspline_combine\source\CPUmleFit_LM\CPUmleFit_LM.cpp(515): warning C4305: “初始化”: 从“double”到“float”截断
E:\usr\LMF\fit3Dcspline_combine\source\CPUmleFit_LM\CPUmleFit_LM.cpp(519): warning C4305: “初始化”: 从“double”到“float”截断
E:\usr\LMF\fit3Dcspline_combine\source\CPUmleFit_LM\CPUmleFit_LM.cpp(543): warning C4244: “=”: 从“double”转换到“float”，可能丢失数据
E:\usr\LMF\fit3Dcspline_combine\source\CPUmleFit_LM\CPUmleFit_LM.cpp(544): warning C4244: “=”: 从“double”转换到“float”，可能丢失数据
E:\usr\LMF\fit3Dcspline_combine\source\CPUmleFit_LM\CPUmleFit_LM.cpp(562): warning C4244: “=”: 从“double”转换到“float”，可能丢失数据
E:\usr\LMF\fit3Dcspline_combine\source\CPUmleFit_LM\CPUmleFit_LM.cpp(574): warning C4244: “=”: 从“double”转换到“float”，可能丢失数据
E:\usr\LMF\fit3Dcspline_combine\source\CPUmleFit_LM\CPUmleFit_LM.cpp(625): warning C4244: “=”: 从“double”转换到“float”，可能丢失数据
E:\usr\LMF\fit3Dcspline_combine\source\CPUmleFit_LM\CPUmleFit_LM.cpp(627): warning C4244: “=”: 从“double”转换到“float”，可能丢失数据
E:\usr\LMF\fit3Dcspline_combine\source\CPUmleFit_LM\CPUmleFit_LM.cpp(632): warning C4244: “=”: 从“double”转换到“float”，可能丢失数据
E:\usr\LMF\fit3Dcspline_combine\source\CPUmleFit_LM\CPUmleFit_LM.cpp(633): warning C4244: “=”: 从“double”转换到“float”，可能丢失数据
E:\usr\LMF\fit3Dcspline_combine\source\CPUmleFit_LM\CPUmleFit_LM.cpp(634): warning C4244: “=”: 从“double”转换到“float”，可能丢失数据
E:\usr\LMF\fit3Dcspline_combine\source\CPUmleFit_LM\CPUmleFit_LM.cpp(635): warning C4244: “=”: 从“double”转换到“float”，可能丢失数据
E:\usr\LMF\fit3Dcspline_combine\source\CPUmleFit_LM\CPUmleFit_LM.cpp(636): warning C4244: “=”: 从“double”转换到“float”，可能丢失数据
E:\usr\LMF\fit3Dcspline_combine\source\CPUmleFit_LM\CPUmleFit_LM.cpp(637): warning C4244: “=”: 从“double”转换到“float”，可能丢失数据
E:\usr\LMF\fit3Dcspline_combine\source\CPUmleFit_LM\CPUmleFit_LM.cpp(649): warning C4244: “=”: 从“double”转换到“float”，可能丢失数据
E:\usr\LMF\fit3Dcspline_combine\source\CPUmleFit_LM\CPUmleFit_LM.cpp(661): warning C4244: “=”: 从“double”转换到“float”，可能丢失数据
E:\usr\LMF\fit3Dcspline_combine\source\CPUmleFit_LM\CPUmleFit_LM.cpp(676): warning C4244: “=”: 从“int”转换到“float”，可能丢失数据
E:\usr\LMF\fit3Dcspline_combine\source\CPUmleFit_LM\CPUmleFit_LM.cpp(691): warning C4244: “+=”: 从“double”转换到“float”，可能丢失数据
E:\usr\LMF\fit3Dcspline_combine\source\CPUmleFit_LM\CPUmleFit_LM.cpp(735): warning C4305: “初始化”: 从“double”到“float”截断
E:\usr\LMF\fit3Dcspline_combine\source\CPUmleFit_LM\CPUmleFit_LM.cpp(739): warning C4305: “初始化”: 从“double”到“float”截断
E:\usr\LMF\fit3Dcspline_combine\source\CPUmleFit_LM\CPUmleFit_LM.cpp(763): warning C4244: “=”: 从“double”转换到“float”，可能丢失数据
E:\usr\LMF\fit3Dcspline_combine\source\CPUmleFit_LM\CPUmleFit_LM.cpp(764): warning C4244: “=”: 从“double”转换到“float”，可能丢失数据
E:\usr\LMF\fit3Dcspline_combine\source\CPUmleFit_LM\CPUmleFit_LM.cpp(783): warning C4244: “=”: 从“double”转换到“float”，可能丢失数据
E:\usr\LMF\fit3Dcspline_combine\source\CPUmleFit_LM\CPUmleFit_LM.cpp(795): warning C4244: “=”: 从“double”转换到“float”，可能丢失数据
E:\usr\LMF\fit3Dcspline_combine\source\CPUmleFit_LM\CPUmleFit_LM.cpp(846): warning C4244: “=”: 从“double”转换到“float”，可能丢失数据
E:\usr\LMF\fit3Dcspline_combine\source\CPUmleFit_LM\CPUmleFit_LM.cpp(848): warning C4244: “=”: 从“double”转换到“float”，可能丢失数据
E:\usr\LMF\fit3Dcspline_combine\source\CPUmleFit_LM\CPUmleFit_LM.cpp(852): warning C4244: “=”: 从“double”转换到“float”，可能丢失数据
E:\usr\LMF\fit3Dcspline_combine\source\CPUmleFit_LM\CPUmleFit_LM.cpp(853): warning C4244: “=”: 从“double”转换到“float”，可能丢失数据
E:\usr\LMF\fit3Dcspline_combine\source\CPUmleFit_LM\CPUmleFit_LM.cpp(854): warning C4244: “=”: 从“double”转换到“float”，可能丢失数据
E:\usr\LMF\fit3Dcspline_combine\source\CPUmleFit_LM\CPUmleFit_LM.cpp(855): warning C4244: “=”: 从“double”转换到“float”，可能丢失数据
E:\usr\LMF\fit3Dcspline_combine\source\CPUmleFit_LM\CPUmleFit_LM.cpp(856): warning C4244: “=”: 从“double”转换到“float”，可能丢失数据
E:\usr\LMF\fit3Dcspline_combine\source\CPUmleFit_LM\CPUmleFit_LM.cpp(857): warning C4244: “=”: 从“double”转换到“float”，可能丢失数据
E:\usr\LMF\fit3Dcspline_combine\source\CPUmleFit_LM\CPUmleFit_LM.cpp(870): warning C4244: “=”: 从“double”转换到“float”，可能丢失数据
E:\usr\LMF\fit3Dcspline_combine\source\CPUmleFit_LM\CPUmleFit_LM.cpp(882): warning C4244: “=”: 从“double”转换到“float”，可能丢失数据
E:\usr\LMF\fit3Dcspline_combine\source\CPUmleFit_LM\CPUmleFit_LM.cpp(896): warning C4244: “=”: 从“int”转换到“float”，可能丢失数据
E:\usr\LMF\fit3Dcspline_combine\source\CPUmleFit_LM\CPUmleFit_LM.cpp(912): warning C4244: “+=”: 从“double”转换到“float”，可能丢失数据
E:\usr\LMF\fit3Dcspline_combine\source\CPUmleFit_LM\CPUmleFit_LM.cpp(962): warning C4305: “初始化”: 从“double”到“float”截断
E:\usr\LMF\fit3Dcspline_combine\source\CPUmleFit_LM\CPUmleFit_LM.cpp(966): warning C4305: “初始化”: 从“double”到“float”截断
E:\usr\LMF\fit3Dcspline_combine\source\CPUmleFit_LM\CPUmleFit_LM.cpp(993): warning C4244: “=”: 从“double”转换到“float”，可能丢失数据
E:\usr\LMF\fit3Dcspline_combine\source\CPUmleFit_LM\CPUmleFit_LM.cpp(1008): warning C4244: “=”: 从“double”转换到“float”，可能丢失数据
E:\usr\LMF\fit3Dcspline_combine\source\CPUmleFit_LM\CPUmleFit_LM.cpp(1009): warning C4244: “=”: 从“double”转换到“float”，可能丢失数据
E:\usr\LMF\fit3Dcspline_combine\source\CPUmleFit_LM\CPUmleFit_LM.cpp(1011): warning C4244: “=”: 从“double”转换到“float”，可能丢失数据
E:\usr\LMF\fit3Dcspline_combine\source\CPUmleFit_LM\CPUmleFit_LM.cpp(1013): warning C4244: “=”: 从“double”转换到“int”，可能丢失数据
E:\usr\LMF\fit3Dcspline_combine\source\CPUmleFit_LM\CPUmleFit_LM.cpp(1016): warning C4244: “=”: 从“double”转换到“int”，可能丢失数据
E:\usr\LMF\fit3Dcspline_combine\source\CPUmleFit_LM\CPUmleFit_LM.cpp(1020): warning C4244: “=”: 从“double”转换到“int”，可能丢失数据
E:\usr\LMF\fit3Dcspline_combine\source\CPUmleFit_LM\CPUmleFit_LM.cpp(1029): warning C4244: “参数”: 从“float”转换到“int”，可能丢失数据
E:\usr\LMF\fit3Dcspline_combine\source\CPUmleFit_LM\CPUmleFit_LM.cpp(1033): warning C4244: “=”: 从“double”转换到“float”，可能丢失数据
E:\usr\LMF\fit3Dcspline_combine\source\CPUmleFit_LM\CPUmleFit_LM.cpp(1045): warning C4244: “=”: 从“double”转换到“float”，可能丢失数据
E:\usr\LMF\fit3Dcspline_combine\source\CPUmleFit_LM\CPUmleFit_LM.cpp(1098): warning C4244: “=”: 从“double”转换到“float”，可能丢失数据
E:\usr\LMF\fit3Dcspline_combine\source\CPUmleFit_LM\CPUmleFit_LM.cpp(1112): warning C4244: “=”: 从“double”转换到“float”，可能丢失数据
E:\usr\LMF\fit3Dcspline_combine\source\CPUmleFit_LM\CPUmleFit_LM.cpp(1113): warning C4244: “=”: 从“double”转换到“float”，可能丢失数据
E:\usr\LMF\fit3Dcspline_combine\source\CPUmleFit_LM\CPUmleFit_LM.cpp(1115): warning C4244: “=”: 从“double”转换到“int”，可能丢失数据
E:\usr\LMF\fit3Dcspline_combine\source\CPUmleFit_LM\CPUmleFit_LM.cpp(1118): warning C4244: “=”: 从“double”转换到“int”，可能丢失数据
E:\usr\LMF\fit3Dcspline_combine\source\CPUmleFit_LM\CPUmleFit_LM.cpp(1122): warning C4244: “=”: 从“double”转换到“int”，可能丢失数据
E:\usr\LMF\fit3Dcspline_combine\source\CPUmleFit_LM\CPUmleFit_LM.cpp(1131): warning C4244: “参数”: 从“float”转换到“int”，可能丢失数据
E:\usr\LMF\fit3Dcspline_combine\source\CPUmleFit_LM\CPUmleFit_LM.cpp(1135): warning C4244: “=”: 从“double”转换到“float”，可能丢失数据
E:\usr\LMF\fit3Dcspline_combine\source\CPUmleFit_LM\CPUmleFit_LM.cpp(1147): warning C4244: “=”: 从“double”转换到“float”，可能丢失数据
E:\usr\LMF\fit3Dcspline_combine\source\CPUmleFit_LM\CPUmleFit_LM.cpp(1162): warning C4244: “=”: 从“int”转换到“float”，可能丢失数据
E:\usr\LMF\fit3Dcspline_combine\source\CPUmleFit_LM\CPUmleFit_LM.cpp(1167): warning C4244: “=”: 从“double”转换到“float”，可能丢失数据
E:\usr\LMF\fit3Dcspline_combine\source\CPUmleFit_LM\CPUmleFit_LM.cpp(1168): warning C4244: “=”: 从“double”转换到“float”，可能丢失数据
E:\usr\LMF\fit3Dcspline_combine\source\CPUmleFit_LM\CPUmleFit_LM.cpp(1170): warning C4244: “=”: 从“double”转换到“int”，可能丢失数据
E:\usr\LMF\fit3Dcspline_combine\source\CPUmleFit_LM\CPUmleFit_LM.cpp(1173): warning C4244: “=”: 从“double”转换到“int”，可能丢失数据
E:\usr\LMF\fit3Dcspline_combine\source\CPUmleFit_LM\CPUmleFit_LM.cpp(1177): warning C4244: “=”: 从“double”转换到“int”，可能丢失数据
E:\usr\LMF\fit3Dcspline_combine\source\CPUmleFit_LM\CPUmleFit_LM.cpp(1183): warning C4244: “参数”: 从“float”转换到“int”，可能丢失数据
E:\usr\LMF\fit3Dcspline_combine\source\CPUmleFit_LM\CPUmleFit_LM.cpp(1194): warning C4244: “+=”: 从“double”转换到“float”，可能丢失数据
E:\usr\LMF\fit3Dcspline_combine\source\CPUmleFit_LM\CPUmleFit_LM.cpp(1240): warning C4305: “初始化”: 从“double”到“float”截断
E:\usr\LMF\fit3Dcspline_combine\source\CPUmleFit_LM\CPUmleFit_LM.cpp(1244): warning C4305: “初始化”: 从“double”到“float”截断
E:\usr\LMF\fit3Dcspline_combine\source\CPUmleFit_LM\CPUmleFit_LM.cpp(1268): warning C4244: “=”: 从“double”转换到“float”，可能丢失数据
E:\usr\LMF\fit3Dcspline_combine\source\CPUmleFit_LM\CPUmleFit_LM.cpp(1269): warning C4244: “=”: 从“double”转换到“float”，可能丢失数据
E:\usr\LMF\fit3Dcspline_combine\source\CPUmleFit_LM\CPUmleFit_LM.cpp(1287): warning C4244: “=”: 从“double”转换到“float”，可能丢失数据
E:\usr\LMF\fit3Dcspline_combine\source\CPUmleFit_LM\CPUmleFit_LM.cpp(1299): warning C4244: “=”: 从“double”转换到“float”，可能丢失数据
E:\usr\LMF\fit3Dcspline_combine\source\CPUmleFit_LM\CPUmleFit_LM.cpp(1351): warning C4244: “=”: 从“double”转换到“float”，可能丢失数据
E:\usr\LMF\fit3Dcspline_combine\source\CPUmleFit_LM\CPUmleFit_LM.cpp(1353): warning C4244: “=”: 从“double”转换到“float”，可能丢失数据
E:\usr\LMF\fit3Dcspline_combine\source\CPUmleFit_LM\CPUmleFit_LM.cpp(1357): warning C4244: “=”: 从“double”转换到“float”，可能丢失数据
E:\usr\LMF\fit3Dcspline_combine\source\CPUmleFit_LM\CPUmleFit_LM.cpp(1358): warning C4244: “=”: 从“double”转换到“float”，可能丢失数据
E:\usr\LMF\fit3Dcspline_combine\source\CPUmleFit_LM\CPUmleFit_LM.cpp(1359): warning C4244: “=”: 从“double”转换到“float”，可能丢失数据
E:\usr\LMF\fit3Dcspline_combine\source\CPUmleFit_LM\CPUmleFit_LM.cpp(1360): warning C4244: “=”: 从“double”转换到“float”，可能丢失数据
E:\usr\LMF\fit3Dcspline_combine\source\CPUmleFit_LM\CPUmleFit_LM.cpp(1361): warning C4244: “=”: 从“double”转换到“float”，可能丢失数据
E:\usr\LMF\fit3Dcspline_combine\source\CPUmleFit_LM\CPUmleFit_LM.cpp(1362): warning C4244: “=”: 从“double”转换到“float”，可能丢失数据
E:\usr\LMF\fit3Dcspline_combine\source\CPUmleFit_LM\CPUmleFit_LM.cpp(1376): warning C4244: “=”: 从“double”转换到“float”，可能丢失数据
E:\usr\LMF\fit3Dcspline_combine\source\CPUmleFit_LM\CPUmleFit_LM.cpp(1388): warning C4244: “=”: 从“double”转换到“float”，可能丢失数据
E:\usr\LMF\fit3Dcspline_combine\source\CPUmleFit_LM\CPUmleFit_LM.cpp(1403): warning C4244: “=”: 从“int”转换到“float”，可能丢失数据
E:\usr\LMF\fit3Dcspline_combine\source\CPUmleFit_LM\CPUmleFit_LM.cpp(1419): warning C4244: “+=”: 从“double”转换到“float”，可能丢失数据
E:\usr\LMF\fit3Dcspline_combine\source\CPUmleFit_LM\CPUmleFit_LM.cpp(1463): warning C4305: “初始化”: 从“double”到“float”截断
E:\usr\LMF\fit3Dcspline_combine\source\CPUmleFit_LM\CPUmleFit_LM.cpp(1467): warning C4305: “初始化”: 从“double”到“float”截断
E:\usr\LMF\fit3Dcspline_combine\source\CPUmleFit_LM\CPUmleFit_LM.cpp(1491): warning C4244: “=”: 从“double”转换到“float”，可能丢失数据
E:\usr\LMF\fit3Dcspline_combine\source\CPUmleFit_LM\CPUmleFit_LM.cpp(1492): warning C4244: “=”: 从“double”转换到“float”，可能丢失数据
E:\usr\LMF\fit3Dcspline_combine\source\CPUmleFit_LM\CPUmleFit_LM.cpp(1512): warning C4244: “=”: 从“double”转换到“float”，可能丢失数据
E:\usr\LMF\fit3Dcspline_combine\source\CPUmleFit_LM\CPUmleFit_LM.cpp(1524): warning C4244: “=”: 从“double”转换到“float”，可能丢失数据
E:\usr\LMF\fit3Dcspline_combine\source\CPUmleFit_LM\CPUmleFit_LM.cpp(1576): warning C4244: “=”: 从“double”转换到“float”，可能丢失数据
E:\usr\LMF\fit3Dcspline_combine\source\CPUmleFit_LM\CPUmleFit_LM.cpp(1578): warning C4244: “=”: 从“double”转换到“float”，可能丢失数据
E:\usr\LMF\fit3Dcspline_combine\source\CPUmleFit_LM\CPUmleFit_LM.cpp(1582): warning C4244: “=”: 从“double”转换到“float”，可能丢失数据
E:\usr\LMF\fit3Dcspline_combine\source\CPUmleFit_LM\CPUmleFit_LM.cpp(1583): warning C4244: “=”: 从“double”转换到“float”，可能丢失数据
E:\usr\LMF\fit3Dcspline_combine\source\CPUmleFit_LM\CPUmleFit_LM.cpp(1584): warning C4244: “=”: 从“double”转换到“float”，可能丢失数据
E:\usr\LMF\fit3Dcspline_combine\source\CPUmleFit_LM\CPUmleFit_LM.cpp(1585): warning C4244: “=”: 从“double”转换到“float”，可能丢失数据
E:\usr\LMF\fit3Dcspline_combine\source\CPUmleFit_LM\CPUmleFit_LM.cpp(1586): warning C4244: “=”: 从“double”转换到“float”，可能丢失数据
E:\usr\LMF\fit3Dcspline_combine\source\CPUmleFit_LM\CPUmleFit_LM.cpp(1587): warning C4244: “=”: 从“double”转换到“float”，可能丢失数据
E:\usr\LMF\fit3Dcspline_combine\source\CPUmleFit_LM\CPUmleFit_LM.cpp(1588): warning C4244: “=”: 从“double”转换到“float”，可能丢失数据
E:\usr\LMF\fit3Dcspline_combine\source\CPUmleFit_LM\CPUmleFit_LM.cpp(1602): warning C4244: “=”: 从“double”转换到“float”，可能丢失数据
E:\usr\LMF\fit3Dcspline_combine\source\CPUmleFit_LM\CPUmleFit_LM.cpp(1614): warning C4244: “=”: 从“double”转换到“float”，可能丢失数据
E:\usr\LMF\fit3Dcspline_combine\source\CPUmleFit_LM\CPUmleFit_LM.cpp(1628): warning C4244: “=”: 从“int”转换到“float”，可能丢失数据
E:\usr\LMF\fit3Dcspline_combine\source\CPUmleFit_LM\CPUmleFit_LM.cpp(1644): warning C4244: “+=”: 从“double”转换到“float”，可能丢失数据
E:\usr\LMF\fit3Dcspline_combine\source\CPUmleFit_LM\CPUmleFit_LM.cpp(1698): warning C4305: “初始化”: 从“double”到“float”截断
E:\usr\LMF\fit3Dcspline_combine\source\CPUmleFit_LM\CPUmleFit_LM.cpp(1702): warning C4305: “初始化”: 从“double”到“float”截断
E:\usr\LMF\fit3Dcspline_combine\source\CPUmleFit_LM\CPUmleFit_LM.cpp(1725): warning C4244: “=”: 从“double”转换到“float”，可能丢失数据
E:\usr\LMF\fit3Dcspline_combine\source\CPUmleFit_LM\CPUmleFit_LM.cpp(1726): warning C4244: “=”: 从“double”转换到“float”，可能丢失数据
E:\usr\LMF\fit3Dcspline_combine\source\CPUmleFit_LM\CPUmleFit_LM.cpp(1745): warning C4244: “=”: 从“double”转换到“float”，可能丢失数据
E:\usr\LMF\fit3Dcspline_combine\source\CPUmleFit_LM\CPUmleFit_LM.cpp(1757): warning C4244: “=”: 从“double”转换到“float”，可能丢失数据
E:\usr\LMF\fit3Dcspline_combine\source\CPUmleFit_LM\CPUmleFit_LM.cpp(1807): warning C4244: “=”: 从“double”转换到“float”，可能丢失数据
E:\usr\LMF\fit3Dcspline_combine\source\CPUmleFit_LM\CPUmleFit_LM.cpp(1809): warning C4244: “=”: 从“double”转换到“float”，可能丢失数据
E:\usr\LMF\fit3Dcspline_combine\source\CPUmleFit_LM\CPUmleFit_LM.cpp(1813): warning C4244: “=”: 从“double”转换到“float”，可能丢失数据
E:\usr\LMF\fit3Dcspline_combine\source\CPUmleFit_LM\CPUmleFit_LM.cpp(1814): warning C4244: “=”: 从“double”转换到“float”，可能丢失数据
E:\usr\LMF\fit3Dcspline_combine\source\CPUmleFit_LM\CPUmleFit_LM.cpp(1815): warning C4244: “=”: 从“double”转换到“float”，可能丢失数据
E:\usr\LMF\fit3Dcspline_combine\source\CPUmleFit_LM\CPUmleFit_LM.cpp(1816): warning C4244: “=”: 从“double”转换到“float”，可能丢失数据
E:\usr\LMF\fit3Dcspline_combine\source\CPUmleFit_LM\CPUmleFit_LM.cpp(1817): warning C4244: “=”: 从“double”转换到“float”，可能丢失数据
E:\usr\LMF\fit3Dcspline_combine\source\CPUmleFit_LM\CPUmleFit_LM.cpp(1818): warning C4244: “=”: 从“double”转换到“float”，可能丢失数据
E:\usr\LMF\fit3Dcspline_combine\source\CPUmleFit_LM\CPUmleFit_LM.cpp(1833): warning C4244: “=”: 从“double”转换到“float”，可能丢失数据
E:\usr\LMF\fit3Dcspline_combine\source\CPUmleFit_LM\CPUmleFit_LM.cpp(1845): warning C4244: “=”: 从“double”转换到“float”，可能丢失数据
E:\usr\LMF\fit3Dcspline_combine\source\CPUmleFit_LM\CPUmleFit_LM.cpp(1859): warning C4244: “=”: 从“int”转换到“float”，可能丢失数据
E:\usr\LMF\fit3Dcspline_combine\source\CPUmleFit_LM\CPUmleFit_LM.cpp(1875): warning C4244: “+=”: 从“double”转换到“float”，可能丢失数据
E:\usr\LMF\fit3Dcspline_combine\source\CPUmleFit_LM\CPUmleFit_LM.cpp(1920): warning C4305: “初始化”: 从“double”到“float”截断
E:\usr\LMF\fit3Dcspline_combine\source\CPUmleFit_LM\CPUmleFit_LM.cpp(1924): warning C4305: “初始化”: 从“double”到“float”截断
E:\usr\LMF\fit3Dcspline_combine\source\CPUmleFit_LM\CPUmleFit_LM.cpp(1948): warning C4244: “=”: 从“double”转换到“float”，可能丢失数据
E:\usr\LMF\fit3Dcspline_combine\source\CPUmleFit_LM\CPUmleFit_LM.cpp(1949): warning C4244: “=”: 从“double”转换到“float”，可能丢失数据
E:\usr\LMF\fit3Dcspline_combine\source\CPUmleFit_LM\CPUmleFit_LM.cpp(1969): warning C4244: “=”: 从“double”转换到“float”，可能丢失数据
E:\usr\LMF\fit3Dcspline_combine\source\CPUmleFit_LM\CPUmleFit_LM.cpp(1981): warning C4244: “=”: 从“double”转换到“float”，可能丢失数据
E:\usr\LMF\fit3Dcspline_combine\source\CPUmleFit_LM\CPUmleFit_LM.cpp(2032): warning C4244: “=”: 从“double”转换到“float”，可能丢失数据
E:\usr\LMF\fit3Dcspline_combine\source\CPUmleFit_LM\CPUmleFit_LM.cpp(2034): warning C4244: “=”: 从“double”转换到“float”，可能丢失数据
E:\usr\LMF\fit3Dcspline_combine\source\CPUmleFit_LM\CPUmleFit_LM.cpp(2038): warning C4244: “=”: 从“double”转换到“float”，可能丢失数据
E:\usr\LMF\fit3Dcspline_combine\source\CPUmleFit_LM\CPUmleFit_LM.cpp(2039): warning C4244: “=”: 从“double”转换到“float”，可能丢失数据
E:\usr\LMF\fit3Dcspline_combine\source\CPUmleFit_LM\CPUmleFit_LM.cpp(2040): warning C4244: “=”: 从“double”转换到“float”，可能丢失数据
E:\usr\LMF\fit3Dcspline_combine\source\CPUmleFit_LM\CPUmleFit_LM.cpp(2041): warning C4244: “=”: 从“double”转换到“float”，可能丢失数据
E:\usr\LMF\fit3Dcspline_combine\source\CPUmleFit_LM\CPUmleFit_LM.cpp(2042): warning C4244: “=”: 从“double”转换到“float”，可能丢失数据
E:\usr\LMF\fit3Dcspline_combine\source\CPUmleFit_LM\CPUmleFit_LM.cpp(2043): warning C4244: “=”: 从“double”转换到“float”，可能丢失数据
E:\usr\LMF\fit3Dcspline_combine\source\CPUmleFit_LM\CPUmleFit_LM.cpp(2057): warning C4244: “=”: 从“double”转换到“float”，可能丢失数据
E:\usr\LMF\fit3Dcspline_combine\source\CPUmleFit_LM\CPUmleFit_LM.cpp(2069): warning C4244: “=”: 从“double”转换到“float”，可能丢失数据
E:\usr\LMF\fit3Dcspline_combine\source\CPUmleFit_LM\CPUmleFit_LM.cpp(2084): warning C4244: “=”: 从“int”转换到“float”，可能丢失数据
E:\usr\LMF\fit3Dcspline_combine\source\CPUmleFit_LM\CPUmleFit_LM.cpp(2100): warning C4244: “+=”: 从“double”转换到“float”，可能丢失数据
E:\usr\LMF\fit3Dcspline_combine\source\CPUmleFit_LM\CPUmleFit_LM.cpp(2149): warning C4305: “初始化”: 从“double”到“float”截断
E:\usr\LMF\fit3Dcspline_combine\source\CPUmleFit_LM\CPUmleFit_LM.cpp(2153): warning C4305: “初始化”: 从“double”到“float”截断
E:\usr\LMF\fit3Dcspline_combine\source\CPUmleFit_LM\CPUmleFit_LM.cpp(2182): warning C4244: “=”: 从“double”转换到“float”，可能丢失数据
E:\usr\LMF\fit3Dcspline_combine\source\CPUmleFit_LM\CPUmleFit_LM.cpp(2197): warning C4244: “=”: 从“double”转换到“float”，可能丢失数据
E:\usr\LMF\fit3Dcspline_combine\source\CPUmleFit_LM\CPUmleFit_LM.cpp(2198): warning C4244: “=”: 从“double”转换到“float”，可能丢失数据
E:\usr\LMF\fit3Dcspline_combine\source\CPUmleFit_LM\CPUmleFit_LM.cpp(2200): warning C4244: “=”: 从“double”转换到“float”，可能丢失数据
E:\usr\LMF\fit3Dcspline_combine\source\CPUmleFit_LM\CPUmleFit_LM.cpp(2202): warning C4244: “=”: 从“double”转换到“int”，可能丢失数据
E:\usr\LMF\fit3Dcspline_combine\source\CPUmleFit_LM\CPUmleFit_LM.cpp(2205): warning C4244: “=”: 从“double”转换到“int”，可能丢失数据
E:\usr\LMF\fit3Dcspline_combine\source\CPUmleFit_LM\CPUmleFit_LM.cpp(2209): warning C4244: “=”: 从“double”转换到“int”，可能丢失数据
E:\usr\LMF\fit3Dcspline_combine\source\CPUmleFit_LM\CPUmleFit_LM.cpp(2218): warning C4244: “参数”: 从“float”转换到“int”，可能丢失数据
E:\usr\LMF\fit3Dcspline_combine\source\CPUmleFit_LM\CPUmleFit_LM.cpp(2223): warning C4244: “=”: 从“double”转换到“float”，可能丢失数据
E:\usr\LMF\fit3Dcspline_combine\source\CPUmleFit_LM\CPUmleFit_LM.cpp(2235): warning C4244: “=”: 从“double”转换到“float”，可能丢失数据
E:\usr\LMF\fit3Dcspline_combine\source\CPUmleFit_LM\CPUmleFit_LM.cpp(2285): warning C4244: “=”: 从“double”转换到“float”，可能丢失数据
E:\usr\LMF\fit3Dcspline_combine\source\CPUmleFit_LM\CPUmleFit_LM.cpp(2287): warning C4244: “=”: 从“double”转换到“float”，可能丢失数据
E:\usr\LMF\fit3Dcspline_combine\source\CPUmleFit_LM\CPUmleFit_LM.cpp(2291): warning C4244: “=”: 从“double”转换到“float”，可能丢失数据
E:\usr\LMF\fit3Dcspline_combine\source\CPUmleFit_LM\CPUmleFit_LM.cpp(2292): warning C4244: “=”: 从“double”转换到“float”，可能丢失数据
E:\usr\LMF\fit3Dcspline_combine\source\CPUmleFit_LM\CPUmleFit_LM.cpp(2293): warning C4244: “=”: 从“double”转换到“float”，可能丢失数据
E:\usr\LMF\fit3Dcspline_combine\source\CPUmleFit_LM\CPUmleFit_LM.cpp(2294): warning C4244: “=”: 从“double”转换到“float”，可能丢失数据
E:\usr\LMF\fit3Dcspline_combine\source\CPUmleFit_LM\CPUmleFit_LM.cpp(2295): warning C4244: “=”: 从“double”转换到“float”，可能丢失数据
E:\usr\LMF\fit3Dcspline_combine\source\CPUmleFit_LM\CPUmleFit_LM.cpp(2296): warning C4244: “=”: 从“double”转换到“float”，可能丢失数据
E:\usr\LMF\fit3Dcspline_combine\source\CPUmleFit_LM\CPUmleFit_LM.cpp(2297): warning C4244: “=”: 从“double”转换到“float”，可能丢失数据
E:\usr\LMF\fit3Dcspline_combine\source\CPUmleFit_LM\CPUmleFit_LM.cpp(2301): warning C4244: “=”: 从“double”转换到“float”，可能丢失数据
E:\usr\LMF\fit3Dcspline_combine\source\CPUmleFit_LM\CPUmleFit_LM.cpp(2302): warning C4244: “=”: 从“double”转换到“float”，可能丢失数据
E:\usr\LMF\fit3Dcspline_combine\source\CPUmleFit_LM\CPUmleFit_LM.cpp(2304): warning C4244: “=”: 从“double”转换到“int”，可能丢失数据
E:\usr\LMF\fit3Dcspline_combine\source\CPUmleFit_LM\CPUmleFit_LM.cpp(2307): warning C4244: “=”: 从“double”转换到“int”，可能丢失数据
E:\usr\LMF\fit3Dcspline_combine\source\CPUmleFit_LM\CPUmleFit_LM.cpp(2310): warning C4244: “=”: 从“double”转换到“int”，可能丢失数据
E:\usr\LMF\fit3Dcspline_combine\source\CPUmleFit_LM\CPUmleFit_LM.cpp(2319): warning C4244: “参数”: 从“float”转换到“int”，可能丢失数据
E:\usr\LMF\fit3Dcspline_combine\source\CPUmleFit_LM\CPUmleFit_LM.cpp(2324): warning C4244: “=”: 从“double”转换到“float”，可能丢失数据
E:\usr\LMF\fit3Dcspline_combine\source\CPUmleFit_LM\CPUmleFit_LM.cpp(2336): warning C4244: “=”: 从“double”转换到“float”，可能丢失数据
E:\usr\LMF\fit3Dcspline_combine\source\CPUmleFit_LM\CPUmleFit_LM.cpp(2355): warning C4244: “=”: 从“int”转换到“float”，可能丢失数据
E:\usr\LMF\fit3Dcspline_combine\source\CPUmleFit_LM\CPUmleFit_LM.cpp(2360): warning C4244: “=”: 从“double”转换到“float”，可能丢失数据
E:\usr\LMF\fit3Dcspline_combine\source\CPUmleFit_LM\CPUmleFit_LM.cpp(2361): warning C4244: “=”: 从“double”转换到“float”，可能丢失数据
E:\usr\LMF\fit3Dcspline_combine\source\CPUmleFit_LM\CPUmleFit_LM.cpp(2365): warning C4244: “=”: 从“double”转换到“int”，可能丢失数据
E:\usr\LMF\fit3Dcspline_combine\source\CPUmleFit_LM\CPUmleFit_LM.cpp(2368): warning C4244: “=”: 从“double”转换到“int”，可能丢失数据
E:\usr\LMF\fit3Dcspline_combine\source\CPUmleFit_LM\CPUmleFit_LM.cpp(2372): warning C4244: “=”: 从“double”转换到“int”，可能丢失数据
E:\usr\LMF\fit3Dcspline_combine\source\CPUmleFit_LM\CPUmleFit_LM.cpp(2378): warning C4244: “参数”: 从“float”转换到“int”，可能丢失数据
E:\usr\LMF\fit3Dcspline_combine\source\CPUmleFit_LM\CPUmleFit_LM.cpp(2390): warning C4244: “+=”: 从“double”转换到“float”，可能丢失数据
E:\usr\LMF\fit3Dcspline_combine\source\CPUmleFit_LM\CPUmleFit_LM.cpp(2436): warning C4305: “初始化”: 从“double”到“float”截断
E:\usr\LMF\fit3Dcspline_combine\source\CPUmleFit_LM\CPUmleFit_LM.cpp(2479): warning C4244: “=”: 从“double”转换到“float”，可能丢失数据
E:\usr\LMF\fit3Dcspline_combine\source\CPUmleFit_LM\CPUmleFit_LM.cpp(2480): warning C4244: “=”: 从“double”转换到“float”，可能丢失数据
E:\usr\LMF\fit3Dcspline_combine\source\CPUmleFit_LM\CPUmleFit_LM.cpp(2516): warning C4244: “=”: 从“double”转换到“float”，可能丢失数据
E:\usr\LMF\fit3Dcspline_combine\source\CPUmleFit_LM\CPUmleFit_LM.cpp(2517): warning C4244: “=”: 从“double”转换到“float”，可能丢失数据
E:\usr\LMF\fit3Dcspline_combine\source\CPUmleFit_LM\CPUmleFit_LM.cpp(2518): warning C4244: “=”: 从“double”转换到“float”，可能丢失数据
E:\usr\LMF\fit3Dcspline_combine\source\CPUmleFit_LM\CPUmleFit_LM.cpp(2532): warning C4244: “=”: 从“double”转换到“float”，可能丢失数据
E:\usr\LMF\fit3Dcspline_combine\source\CPUmleFit_LM\CPUmleFit_LM.cpp(2544): warning C4244: “=”: 从“double”转换到“float”，可能丢失数据
E:\usr\LMF\fit3Dcspline_combine\source\CPUmleFit_LM\CPUmleFit_LM.cpp(2578): warning C4244: “=”: 从“double”转换到“float”，可能丢失数据
E:\usr\LMF\fit3Dcspline_combine\source\CPUmleFit_LM\CPUmleFit_LM.cpp(2609): warning C4244: “=”: 从“double”转换到“float”，可能丢失数据
E:\usr\LMF\fit3Dcspline_combine\source\CPUmleFit_LM\CPUmleFit_LM.cpp(2612): warning C4244: “=”: 从“double”转换到“float”，可能丢失数据
E:\usr\LMF\fit3Dcspline_combine\source\CPUmleFit_LM\CPUmleFit_LM.cpp(2623): warning C4244: “=”: 从“double”转换到“float”，可能丢失数据
E:\usr\LMF\fit3Dcspline_combine\source\CPUmleFit_LM\CPUmleFit_LM.cpp(2630): warning C4244: “=”: 从“double”转换到“float”，可能丢失数据
E:\usr\LMF\fit3Dcspline_combine\source\CPUmleFit_LM\CPUmleFit_LM.cpp(2631): warning C4244: “=”: 从“double”转换到“float”，可能丢失数据
E:\usr\LMF\fit3Dcspline_combine\source\CPUmleFit_LM\CPUmleFit_LM.cpp(2632): warning C4244: “=”: 从“double”转换到“float”，可能丢失数据
E:\usr\LMF\fit3Dcspline_combine\source\CPUmleFit_LM\CPUmleFit_LM.cpp(2655): warning C4244: “=”: 从“double”转换到“float”，可能丢失数据
E:\usr\LMF\fit3Dcspline_combine\source\CPUmleFit_LM\CPUmleFit_LM.cpp(2656): warning C4244: “=”: 从“double”转换到“float”，可能丢失数据
E:\usr\LMF\fit3Dcspline_combine\source\CPUmleFit_LM\CPUmleFit_LM.cpp(2657): warning C4244: “=”: 从“double”转换到“float”，可能丢失数据
E:\usr\LMF\fit3Dcspline_combine\source\CPUmleFit_LM\CPUmleFit_LM.cpp(2681): warning C4244: “=”: 从“double”转换到“float”，可能丢失数据
E:\usr\LMF\fit3Dcspline_combine\source\CPUmleFit_LM\CPUmleFit_LM.cpp(2693): warning C4244: “=”: 从“double”转换到“float”，可能丢失数据
E:\usr\LMF\fit3Dcspline_combine\source\CPUmleFit_LM\CPUmleFit_LM.cpp(2712): warning C4244: “=”: 从“int”转换到“float”，可能丢失数据
E:\usr\LMF\fit3Dcspline_combine\source\CPUmleFit_LM\CPUmleFit_LM.cpp(2720): warning C4244: “=”: 从“double”转换到“float”，可能丢失数据
E:\usr\LMF\fit3Dcspline_combine\source\CPUmleFit_LM\CPUmleFit_LM.cpp(2721): warning C4244: “=”: 从“double”转换到“float”，可能丢失数据
E:\usr\LMF\fit3Dcspline_combine\source\CPUmleFit_LM\CPUmleFit_LM.cpp(2722): warning C4244: “=”: 从“double”转换到“float”，可能丢失数据
E:\usr\LMF\fit3Dcspline_combine\source\CPUmleFit_LM\CPUmleFit_LM.cpp(2742): warning C4244: “+=”: 从“double”转换到“float”，可能丢失数据
E:\usr\LMF\fit3Dcspline_combine\source\CPUmleFit_LM\CPUmleFit_LM.cpp(2421): warning C4101: “zstart”: 未引用的局部变量
E:\usr\LMF\fit3Dcspline_combine\source\CPUmleFit_LM\CPUmleFit_LM.cpp(2421): warning C4101: “xi”: 未引用的局部变量
E:\usr\LMF\fit3Dcspline_combine\source\CPUmleFit_LM\CPUmleFit_LM.cpp(2421): warning C4101: “yi”: 未引用的局部变量
E:\usr\LMF\fit3Dcspline_combine\source\CPUmleFit_LM\CPUmleFit_LM.cpp(2421): warning C4101: “ystart”: 未引用的局部变量
E:\usr\LMF\fit3Dcspline_combine\source\CPUmleFit_LM\CPUmleFit_LM.cpp(2421): warning C4101: “xstart”: 未引用的局部变量
E:\usr\LMF\fit3Dcspline_combine\source\CPUmleFit_LM\CPUmleFit_LM.cpp(2446): warning C4101: “temp”: 未引用的局部变量
E:\usr\LMF\fit3Dcspline_combine\source\CPUmleFit_LM\CPUmleFit_LM.cpp(2785): warning C4305: “初始化”: 从“double”到“float”截断
E:\usr\LMF\fit3Dcspline_combine\source\CPUmleFit_LM\CPUmleFit_LM.cpp(2787): warning C4305: “初始化”: 从“double”到“float”截断
E:\usr\LMF\fit3Dcspline_combine\source\CPUmleFit_LM\CPUmleFit_LM.cpp(2789): warning C4305: “初始化”: 从“double”到“float”截断
E:\usr\LMF\fit3Dcspline_combine\source\CPUmleFit_LM\CPUmleFit_LM.cpp(2833): warning C4244: “=”: 从“double”转换到“float”，可能丢失数据
E:\usr\LMF\fit3Dcspline_combine\source\CPUmleFit_LM\CPUmleFit_LM.cpp(2834): warning C4244: “=”: 从“double”转换到“float”，可能丢失数据
E:\usr\LMF\fit3Dcspline_combine\source\CPUmleFit_LM\CPUmleFit_LM.cpp(2880): warning C4244: “=”: 从“double”转换到“float”，可能丢失数据
E:\usr\LMF\fit3Dcspline_combine\source\CPUmleFit_LM\CPUmleFit_LM.cpp(2881): warning C4244: “=”: 从“double”转换到“float”，可能丢失数据
E:\usr\LMF\fit3Dcspline_combine\source\CPUmleFit_LM\CPUmleFit_LM.cpp(2882): warning C4244: “=”: 从“double”转换到“float”，可能丢失数据
E:\usr\LMF\fit3Dcspline_combine\source\CPUmleFit_LM\CPUmleFit_LM.cpp(2883): warning C4244: “=”: 从“double”转换到“float”，可能丢失数据
E:\usr\LMF\fit3Dcspline_combine\source\CPUmleFit_LM\CPUmleFit_LM.cpp(2897): warning C4244: “=”: 从“double”转换到“float”，可能丢失数据
E:\usr\LMF\fit3Dcspline_combine\source\CPUmleFit_LM\CPUmleFit_LM.cpp(2909): warning C4244: “=”: 从“double”转换到“float”，可能丢失数据
E:\usr\LMF\fit3Dcspline_combine\source\CPUmleFit_LM\CPUmleFit_LM.cpp(2946): warning C4244: “=”: 从“double”转换到“float”，可能丢失数据
E:\usr\LMF\fit3Dcspline_combine\source\CPUmleFit_LM\CPUmleFit_LM.cpp(3013): warning C4244: “=”: 从“double”转换到“float”，可能丢失数据
E:\usr\LMF\fit3Dcspline_combine\source\CPUmleFit_LM\CPUmleFit_LM.cpp(3020): warning C4244: “=”: 从“double”转换到“float”，可能丢失数据
E:\usr\LMF\fit3Dcspline_combine\source\CPUmleFit_LM\CPUmleFit_LM.cpp(3021): warning C4244: “=”: 从“double”转换到“float”，可能丢失数据
E:\usr\LMF\fit3Dcspline_combine\source\CPUmleFit_LM\CPUmleFit_LM.cpp(3022): warning C4244: “=”: 从“double”转换到“float”，可能丢失数据
E:\usr\LMF\fit3Dcspline_combine\source\CPUmleFit_LM\CPUmleFit_LM.cpp(3023): warning C4244: “=”: 从“double”转换到“float”，可能丢失数据
E:\usr\LMF\fit3Dcspline_combine\source\CPUmleFit_LM\CPUmleFit_LM.cpp(3024): warning C4244: “=”: 从“double”转换到“float”，可能丢失数据
E:\usr\LMF\fit3Dcspline_combine\source\CPUmleFit_LM\CPUmleFit_LM.cpp(3025): warning C4244: “=”: 从“double”转换到“float”，可能丢失数据
E:\usr\LMF\fit3Dcspline_combine\source\CPUmleFit_LM\CPUmleFit_LM.cpp(3050): warning C4244: “=”: 从“double”转换到“float”，可能丢失数据
E:\usr\LMF\fit3Dcspline_combine\source\CPUmleFit_LM\CPUmleFit_LM.cpp(3051): warning C4244: “=”: 从“double”转换到“float”，可能丢失数据
E:\usr\LMF\fit3Dcspline_combine\source\CPUmleFit_LM\CPUmleFit_LM.cpp(3052): warning C4244: “=”: 从“double”转换到“float”，可能丢失数据
E:\usr\LMF\fit3Dcspline_combine\source\CPUmleFit_LM\CPUmleFit_LM.cpp(3053): warning C4244: “=”: 从“double”转换到“float”，可能丢失数据
E:\usr\LMF\fit3Dcspline_combine\source\CPUmleFit_LM\CPUmleFit_LM.cpp(3077): warning C4244: “=”: 从“double”转换到“float”，可能丢失数据
E:\usr\LMF\fit3Dcspline_combine\source\CPUmleFit_LM\CPUmleFit_LM.cpp(3089): warning C4244: “=”: 从“double”转换到“float”，可能丢失数据
E:\usr\LMF\fit3Dcspline_combine\source\CPUmleFit_LM\CPUmleFit_LM.cpp(3108): warning C4244: “=”: 从“int”转换到“float”，可能丢失数据
E:\usr\LMF\fit3Dcspline_combine\source\CPUmleFit_LM\CPUmleFit_LM.cpp(3117): warning C4244: “=”: 从“double”转换到“float”，可能丢失数据
E:\usr\LMF\fit3Dcspline_combine\source\CPUmleFit_LM\CPUmleFit_LM.cpp(3118): warning C4244: “=”: 从“double”转换到“float”，可能丢失数据
E:\usr\LMF\fit3Dcspline_combine\source\CPUmleFit_LM\CPUmleFit_LM.cpp(3119): warning C4244: “=”: 从“double”转换到“float”，可能丢失数据
E:\usr\LMF\fit3Dcspline_combine\source\CPUmleFit_LM\CPUmleFit_LM.cpp(3120): warning C4244: “=”: 从“double”转换到“float”，可能丢失数据
E:\usr\LMF\fit3Dcspline_combine\source\CPUmleFit_LM\CPUmleFit_LM.cpp(3140): warning C4244: “+=”: 从“double”转换到“float”，可能丢失数据
E:\usr\LMF\fit3Dcspline_combine\source\CPUmleFit_LM\CPUmleFit_LM.cpp(2773): warning C4101: “wstart”: 未引用的局部变量
E:\usr\LMF\fit3Dcspline_combine\source\CPUmleFit_LM\CPUmleFit_LM.cpp(2773): warning C4101: “zstart”: 未引用的局部变量
E:\usr\LMF\fit3Dcspline_combine\source\CPUmleFit_LM\CPUmleFit_LM.cpp(2773): warning C4101: “xi”: 未引用的局部变量
E:\usr\LMF\fit3Dcspline_combine\source\CPUmleFit_LM\CPUmleFit_LM.cpp(2773): warning C4101: “yi”: 未引用的局部变量
E:\usr\LMF\fit3Dcspline_combine\source\CPUmleFit_LM\CPUmleFit_LM.cpp(2773): warning C4101: “ystart”: 未引用的局部变量
E:\usr\LMF\fit3Dcspline_combine\source\CPUmleFit_LM\CPUmleFit_LM.cpp(2773): warning C4101: “xstart”: 未引用的局部变量
E:\usr\LMF\fit3Dcspline_combine\source\CPUmleFit_LM\CPUmleFit_LM.cpp(2799): warning C4101: “temp”: 未引用的局部变量
E:\usr\LMF\fit3Dcspline_combine\source\CPUmleFit_LM\CPUmleFit_LM.cpp(3190): warning C4305: “初始化”: 从“double”到“float”截断
E:\usr\LMF\fit3Dcspline_combine\source\CPUmleFit_LM\CPUmleFit_LM.cpp(3194): warning C4305: “初始化”: 从“double”到“float”截断
E:\usr\LMF\fit3Dcspline_combine\source\CPUmleFit_LM\CPUmleFit_LM.cpp(3209): warning C4305: “初始化”: 从“double”到“float”截断
E:\usr\LMF\fit3Dcspline_combine\source\CPUmleFit_LM\CPUmleFit_LM.cpp(3239): warning C4244: “=”: 从“double”转换到“float”，可能丢失数据
E:\usr\LMF\fit3Dcspline_combine\source\CPUmleFit_LM\CPUmleFit_LM.cpp(3240): warning C4244: “=”: 从“double”转换到“float”，可能丢失数据
E:\usr\LMF\fit3Dcspline_combine\source\CPUmleFit_LM\CPUmleFit_LM.cpp(3296): warning C4244: “=”: 从“double”转换到“float”，可能丢失数据
E:\usr\LMF\fit3Dcspline_combine\source\CPUmleFit_LM\CPUmleFit_LM.cpp(3297): warning C4244: “=”: 从“double”转换到“float”，可能丢失数据
E:\usr\LMF\fit3Dcspline_combine\source\CPUmleFit_LM\CPUmleFit_LM.cpp(3298): warning C4244: “=”: 从“double”转换到“float”，可能丢失数据
E:\usr\LMF\fit3Dcspline_combine\source\CPUmleFit_LM\CPUmleFit_LM.cpp(3299): warning C4244: “=”: 从“double”转换到“float”，可能丢失数据
E:\usr\LMF\fit3Dcspline_combine\source\CPUmleFit_LM\CPUmleFit_LM.cpp(3300): warning C4244: “=”: 从“double”转换到“float”，可能丢失数据
E:\usr\LMF\fit3Dcspline_combine\source\CPUmleFit_LM\CPUmleFit_LM.cpp(3325): warning C4244: “=”: 从“double”转换到“float”，可能丢失数据
E:\usr\LMF\fit3Dcspline_combine\source\CPUmleFit_LM\CPUmleFit_LM.cpp(3337): warning C4244: “=”: 从“double”转换到“float”，可能丢失数据
E:\usr\LMF\fit3Dcspline_combine\source\CPUmleFit_LM\CPUmleFit_LM.cpp(3377): warning C4244: “=”: 从“double”转换到“float”，可能丢失数据
E:\usr\LMF\fit3Dcspline_combine\source\CPUmleFit_LM\CPUmleFit_LM.cpp(3443): warning C4244: “=”: 从“double”转换到“float”，可能丢失数据
E:\usr\LMF\fit3Dcspline_combine\source\CPUmleFit_LM\CPUmleFit_LM.cpp(3445): warning C4244: “+=”: 从“double”转换到“float”，可能丢失数据
E:\usr\LMF\fit3Dcspline_combine\source\CPUmleFit_LM\CPUmleFit_LM.cpp(3448): warning C4244: “=”: 从“double”转换到“float”，可能丢失数据
E:\usr\LMF\fit3Dcspline_combine\source\CPUmleFit_LM\CPUmleFit_LM.cpp(3449): warning C4244: “=”: 从“double”转换到“float”，可能丢失数据
E:\usr\LMF\fit3Dcspline_combine\source\CPUmleFit_LM\CPUmleFit_LM.cpp(3450): warning C4244: “=”: 从“double”转换到“float”，可能丢失数据
E:\usr\LMF\fit3Dcspline_combine\source\CPUmleFit_LM\CPUmleFit_LM.cpp(3451): warning C4244: “=”: 从“double”转换到“float”，可能丢失数据
E:\usr\LMF\fit3Dcspline_combine\source\CPUmleFit_LM\CPUmleFit_LM.cpp(3453): warning C4244: “=”: 从“double”转换到“float”，可能丢失数据
E:\usr\LMF\fit3Dcspline_combine\source\CPUmleFit_LM\CPUmleFit_LM.cpp(3454): warning C4244: “=”: 从“double”转换到“float”，可能丢失数据
E:\usr\LMF\fit3Dcspline_combine\source\CPUmleFit_LM\CPUmleFit_LM.cpp(3455): warning C4244: “=”: 从“double”转换到“float”，可能丢失数据
E:\usr\LMF\fit3Dcspline_combine\source\CPUmleFit_LM\CPUmleFit_LM.cpp(3456): warning C4244: “=”: 从“double”转换到“float”，可能丢失数据
E:\usr\LMF\fit3Dcspline_combine\source\CPUmleFit_LM\CPUmleFit_LM.cpp(3468): warning C4244: “=”: 从“double”转换到“float”，可能丢失数据
E:\usr\LMF\fit3Dcspline_combine\source\CPUmleFit_LM\CPUmleFit_LM.cpp(3495): warning C4244: “=”: 从“double”转换到“float”，可能丢失数据
E:\usr\LMF\fit3Dcspline_combine\source\CPUmleFit_LM\CPUmleFit_LM.cpp(3496): warning C4244: “=”: 从“double”转换到“float”，可能丢失数据
E:\usr\LMF\fit3Dcspline_combine\source\CPUmleFit_LM\CPUmleFit_LM.cpp(3497): warning C4244: “=”: 从“double”转换到“float”，可能丢失数据
E:\usr\LMF\fit3Dcspline_combine\source\CPUmleFit_LM\CPUmleFit_LM.cpp(3498): warning C4244: “=”: 从“double”转换到“float”，可能丢失数据
E:\usr\LMF\fit3Dcspline_combine\source\CPUmleFit_LM\CPUmleFit_LM.cpp(3499): warning C4244: “=”: 从“double”转换到“float”，可能丢失数据
E:\usr\LMF\fit3Dcspline_combine\source\CPUmleFit_LM\CPUmleFit_LM.cpp(3532): warning C4244: “=”: 从“double”转换到“float”，可能丢失数据
E:\usr\LMF\fit3Dcspline_combine\source\CPUmleFit_LM\CPUmleFit_LM.cpp(3544): warning C4244: “=”: 从“double”转换到“float”，可能丢失数据
E:\usr\LMF\fit3Dcspline_combine\source\CPUmleFit_LM\CPUmleFit_LM.cpp(3563): warning C4244: “=”: 从“int”转换到“float”，可能丢失数据
E:\usr\LMF\fit3Dcspline_combine\source\CPUmleFit_LM\CPUmleFit_LM.cpp(3602): warning C4244: “+=”: 从“double”转换到“float”，可能丢失数据
E:\usr\LMF\fit3Dcspline_combine\source\CPUmleFit_LM\CPUmleFit_LM.cpp(3175): warning C4101: “wstart”: 未引用的局部变量
E:\usr\LMF\fit3Dcspline_combine\source\CPUmleFit_LM\CPUmleFit_LM.cpp(3175): warning C4101: “zstart”: 未引用的局部变量
E:\usr\LMF\fit3Dcspline_combine\source\CPUmleFit_LM\CPUmleFit_LM.cpp(3175): warning C4101: “xi”: 未引用的局部变量
E:\usr\LMF\fit3Dcspline_combine\source\CPUmleFit_LM\CPUmleFit_LM.cpp(3175): warning C4101: “ustart”: 未引用的局部变量
E:\usr\LMF\fit3Dcspline_combine\source\CPUmleFit_LM\CPUmleFit_LM.cpp(3175): warning C4101: “yi”: 未引用的局部变量
E:\usr\LMF\fit3Dcspline_combine\source\CPUmleFit_LM\CPUmleFit_LM.cpp(3175): warning C4101: “ystart”: 未引用的局部变量
E:\usr\LMF\fit3Dcspline_combine\source\CPUmleFit_LM\CPUmleFit_LM.cpp(3175): warning C4101: “xstart”: 未引用的局部变量
E:\usr\LMF\fit3Dcspline_combine\source\CPUmleFit_LM\CPUmleFit_LM.cpp(3204): warning C4101: “temp”: 未引用的局部变量
  CPUsplineLib.cpp
E:\usr\LMF\fit3Dcspline_combine\source\CPUmleFit_LM\CPUsplineLib.cpp(45): warning C4244: “初始化”: 从“float”转换到“int”，可能丢失数据
E:\usr\LMF\fit3Dcspline_combine\source\CPUmleFit_LM\CPUsplineLib.cpp(48): warning C4244: “=”: 从“double”转换到“int”，可能丢失数据
E:\usr\LMF\fit3Dcspline_combine\source\CPUmleFit_LM\CPUsplineLib.cpp(49): warning C4244: “=”: 从“double”转换到“int”，可能丢失数据
E:\usr\LMF\fit3Dcspline_combine\source\CPUmleFit_LM\CPUsplineLib.cpp(50): warning C4244: “=”: 从“double”转换到“int”，可能丢失数据
E:\usr\LMF\fit3Dcspline_combine\source\CPUmleFit_LM\CPUsplineLib.cpp(51): warning C4244: “=”: 从“double”转换到“int”，可能丢失数据
E:\usr\LMF\fit3Dcspline_combine\source\CPUmleFit_LM\CPUsplineLib.cpp(52): warning C4244: “=”: 从“double”转换到“int”，可能丢失数据
E:\usr\LMF\fit3Dcspline_combine\source\CPUmleFit_LM\CPUsplineLib.cpp(189): warning C4244: “+=”: 从“double”转换到“float”，可能丢失数据
E:\usr\LMF\fit3Dcspline_combine\source\CPUmleFit_LM\CPUsplineLib.cpp(254): warning C4244: “+=”: 从“double”转换到“float”，可能丢失数据
E:\usr\LMF\fit3Dcspline_combine\source\CPUmleFit_LM\CPUsplineLib.cpp(321): warning C4244: “+=”: 从“double”转换到“float”，可能丢失数据
E:\usr\LMF\fit3Dcspline_combine\source\CPUmleFit_LM\CPUsplineLib.cpp(386): warning C4244: “+=”: 从“double”转换到“float”，可能丢失数据
E:\usr\LMF\fit3Dcspline_combine\source\CPUmleFit_LM\CPUsplineLib.cpp(451): warning C4244: “+=”: 从“double”转换到“float”，可能丢失数据
E:\usr\LMF\fit3Dcspline_combine\source\CPUmleFit_LM\CPUsplineLib.cpp(763): warning C4244: “初始化”: 从“float”转换到“int”，可能丢失数据
E:\usr\LMF\fit3Dcspline_combine\source\CPUmleFit_LM\CPUsplineLib.cpp(766): warning C4244: “=”: 从“double”转换到“int”，可能丢失数据
E:\usr\LMF\fit3Dcspline_combine\source\CPUmleFit_LM\CPUsplineLib.cpp(767): warning C4244: “=”: 从“double”转换到“int”，可能丢失数据
E:\usr\LMF\fit3Dcspline_combine\source\CPUmleFit_LM\CPUsplineLib.cpp(768): warning C4244: “=”: 从“double”转换到“int”，可能丢失数据
E:\usr\LMF\fit3Dcspline_combine\source\CPUmleFit_LM\CPUsplineLib.cpp(769): warning C4244: “=”: 从“double”转换到“int”，可能丢失数据
E:\usr\LMF\fit3Dcspline_combine\source\CPUmleFit_LM\CPUsplineLib.cpp(850): warning C4244: “+=”: 从“double”转换到“float”，可能丢失数据
E:\usr\LMF\fit3Dcspline_combine\source\CPUmleFit_LM\CPUsplineLib.cpp(883): warning C4244: “+=”: 从“double”转换到“float”，可能丢失数据
E:\usr\LMF\fit3Dcspline_combine\source\CPUmleFit_LM\CPUsplineLib.cpp(917): warning C4244: “+=”: 从“double”转换到“float”，可能丢失数据
E:\usr\LMF\fit3Dcspline_combine\source\CPUmleFit_LM\CPUsplineLib.cpp(950): warning C4244: “+=”: 从“double”转换到“float”，可能丢失数据
E:\usr\LMF\fit3Dcspline_combine\source\CPUmleFit_LM\CPUsplineLib.cpp(1201): warning C4244: “初始化”: 从“float”转换到“int”，可能丢失数据
E:\usr\LMF\fit3Dcspline_combine\source\CPUmleFit_LM\CPUsplineLib.cpp(1204): warning C4244: “=”: 从“double”转换到“int”，可能丢失数据
E:\usr\LMF\fit3Dcspline_combine\source\CPUmleFit_LM\CPUsplineLib.cpp(1205): warning C4244: “=”: 从“double”转换到“int”，可能丢失数据
E:\usr\LMF\fit3Dcspline_combine\source\CPUmleFit_LM\CPUsplineLib.cpp(1206): warning C4244: “=”: 从“double”转换到“int”，可能丢失数据
E:\usr\LMF\fit3Dcspline_combine\source\CPUmleFit_LM\CPUsplineLib.cpp(1249): warning C4244: “+=”: 从“double”转换到“float”，可能丢失数据
E:\usr\LMF\fit3Dcspline_combine\source\CPUmleFit_LM\CPUsplineLib.cpp(1258): warning C4244: “+=”: 从“double”转换到“float”，可能丢失数据
E:\usr\LMF\fit3Dcspline_combine\source\CPUmleFit_LM\CPUsplineLib.cpp(1268): warning C4244: “+=”: 从“double”转换到“float”，可能丢失数据
E:\usr\LMF\fit3Dcspline_combine\source\CPUmleFit_LM\CPUsplineLib.cpp(1305): warning C4244: “=”: 从“double”转换到“float”，可能丢失数据
E:\usr\LMF\fit3Dcspline_combine\source\CPUmleFit_LM\CPUsplineLib.cpp(1373): warning C4244: “=”: 从“double”转换到“float”，可能丢失数据
E:\usr\LMF\fit3Dcspline_combine\source\CPUmleFit_LM\CPUsplineLib.cpp(1382): warning C4244: “=”: 从“double”转换到“float”，可能丢失数据
  mexFunction.cpp
E:\usr\LMF\fit3Dcspline_combine\source\CPUmleFit_LM\mexFunction.cpp(190): warning C4267: “=”: 从“size_t”转换到“int”，可能丢失数据
E:\usr\LMF\fit3Dcspline_combine\source\CPUmleFit_LM\mexFunction.cpp(191): warning C4267: “=”: 从“size_t”转换到“int”，可能丢失数据
E:\usr\LMF\fit3Dcspline_combine\source\CPUmleFit_LM\mexFunction.cpp(192): warning C4267: “=”: 从“size_t”转换到“int”，可能丢失数据
E:\usr\LMF\fit3Dcspline_combine\source\CPUmleFit_LM\mexFunction.cpp(200): warning C4267: “=”: 从“size_t”转换到“int”，可能丢失数据
E:\usr\LMF\fit3Dcspline_combine\source\CPUmleFit_LM\mexFunction.cpp(201): warning C4267: “=”: 从“size_t”转换到“int”，可能丢失数据
E:\usr\LMF\fit3Dcspline_combine\source\CPUmleFit_LM\mexFunction.cpp(202): warning C4267: “=”: 从“size_t”转换到“int”，可能丢失数据
E:\usr\LMF\fit3Dcspline_combine\source\CPUmleFit_LM\mexFunction.cpp(211): warning C4267: “=”: 从“size_t”转换到“int”，可能丢失数据
E:\usr\LMF\fit3Dcspline_combine\source\CPUmleFit_LM\mexFunction.cpp(212): warning C4267: “=”: 从“size_t”转换到“int”，可能丢失数据
E:\usr\LMF\fit3Dcspline_combine\source\CPUmleFit_LM\mexFunction.cpp(213): warning C4267: “=”: 从“size_t”转换到“int”，可能丢失数据
E:\usr\LMF\fit3Dcspline_combine\source\CPUmleFit_LM\mexFunction.cpp(214): warning C4267: “=”: 从“size_t”转换到“int”，可能丢失数据
E:\usr\LMF\fit3Dcspline_combine\source\CPUmleFit_LM\mexFunction.cpp(223): warning C4267: “=”: 从“size_t”转换到“int”，可能丢失数据
E:\usr\LMF\fit3Dcspline_combine\source\CPUmleFit_LM\mexFunction.cpp(224): warning C4267: “=”: 从“size_t”转换到“int”，可能丢失数据
E:\usr\LMF\fit3Dcspline_combine\source\CPUmleFit_LM\mexFunction.cpp(225): warning C4267: “=”: 从“size_t”转换到“int”，可能丢失数据
E:\usr\LMF\fit3Dcspline_combine\source\CPUmleFit_LM\mexFunction.cpp(226): warning C4267: “=”: 从“size_t”转换到“int”，可能丢失数据
E:\usr\LMF\fit3Dcspline_combine\source\CPUmleFit_LM\mexFunction.cpp(227): warning C4267: “=”: 从“size_t”转换到“int”，可能丢失数据
E:\usr\LMF\fit3Dcspline_combine\source\CPUmleFit_LM\mexFunction.cpp(388): warning C4267: “参数”: 从“size_t”转换到“const int”，可能丢失数据
E:\usr\LMF\fit3Dcspline_combine\source\CPUmleFit_LM\mexFunction.cpp(394): warning C4267: “参数”: 从“size_t”转换到“const int”，可能丢失数据
E:\usr\LMF\fit3Dcspline_combine\source\CPUmleFit_LM\mexFunction.cpp(400): warning C4267: “参数”: 从“size_t”转换到“const int”，可能丢失数据
    正在创建库 E:\usr\LMF\fit3Dcspline_combine\source\x64\Release\CPUmleFit_LM_multiD.lib 和对象 E:\usr\LMF\fit3Dcspline_combine\source\x64\Release\CPUmleFit_LM_multiD.exp
  正在生成代码
  Previous IPDB not found, fall back to full compilation.
  All 42 functions were compiled because no usable IPDB/IOBJ from previous compilation was found.
  已完成代码的生成
  CPUmleFit_LM.vcxproj -> E:\usr\LMF\fit3Dcspline_combine\source\x64\Release\CPUmleFit_LM_multiD.mexw64
